<?xml version="1.0" encoding="UTF-8"?>
<!-- Generated by org.testng.reporters.JUnitReportReporter -->
<testsuite hostname="DESKTOP-CHHKPOP" failures="0" tests="1" name="Testngpkg.Parameter" time="0.025" errors="0" timestamp="2024-10-23T11:20:36 IST" skipped="0">
  <testcase classname="Testngpkg.Parameter" name="test" time="0.025"/>
  <system-out/>
</testsuite> <!-- Testngpkg.Parameter -->
