<?xml version="1.0" encoding="UTF-8"?>
<!-- Generated by org.testng.reporters.JUnitReportReporter -->
<testsuite hostname="DESKTOP-CHHKPOP" failures="0" tests="1" name="Testngpkg.Datepicker" time="2.773" errors="0" timestamp="2024-10-29T14:56:01 IST" skipped="0">
  <testcase classname="Testngpkg.Datepicker" name="datepicker" time="2.773"/>
  <system-out/>
</testsuite> <!-- Testngpkg.Datepicker -->
