<?xml version="1.0" encoding="UTF-8"?>
<!-- Generated by org.testng.reporters.JUnitReportReporter -->
<testsuite hostname="DESKTOP-CHHKPOP" failures="0" tests="3" name="Testngpkg.crossbrowsertest" time="11.516" errors="0" timestamp="2024-10-23T12:22:13 IST" skipped="0">
  <testcase classname="Testngpkg.crossbrowsertest" name="test" time="4.770"/>
  <system-out/>
  <testcase classname="Testngpkg.crossbrowsertest" name="test" time="3.086"/>
  <system-out/>
  <testcase classname="Testngpkg.crossbrowsertest" name="test" time="3.660"/>
  <system-out/>
</testsuite> <!-- Testngpkg.crossbrowsertest -->
