<?xml version="1.0" encoding="UTF-8"?>
<!-- Generated by org.testng.reporters.JUnitReportReporter -->
<testsuite hostname="DESKTOP-CHHKPOP" failures="0" tests="1" name="Testngpkg.Copypaste" time="1.009" errors="0" timestamp="2024-10-23T14:10:03 IST" skipped="0">
  <testcase classname="Testngpkg.Copypaste" name="test" time="1.009"/>
  <system-out/>
</testsuite> <!-- Testngpkg.Copypaste -->
