<?xml version="1.0" encoding="UTF-8"?>
<!-- Generated by org.testng.reporters.JUnitReportReporter -->
<testsuite hostname="DESKTOP-CHHKPOP" failures="0" tests="1" name="Testngpkg.Guruu" time="1.508" errors="0" timestamp="2024-10-23T15:18:46 IST" skipped="0">
  <testcase classname="Testngpkg.Guruu" name="test" time="1.508"/>
  <system-out/>
</testsuite> <!-- Testngpkg.Guruu -->
