<?xml version="1.0" encoding="UTF-8"?>
<!-- Generated by org.testng.reporters.JUnitReportReporter -->
<testsuite hostname="DESKTOP-CHHKPOP" failures="0" tests="1" name="Test.fblogintest" time="4.085" errors="0" timestamp="2024-10-31T14:36:40 IST" skipped="0">
  <testcase classname="Test.fblogintest" name="test" time="4.085"/>
  <system-out/>
</testsuite> <!-- Test.fblogintest -->
