<?xml version="1.0" encoding="UTF-8"?>
<!-- Generated by org.testng.reporters.JUnitReportReporter -->
<testsuite hostname="DESKTOP-CHHKPOP" failures="0" tests="1" name="Test.Fbcreatepagetest" time="2.755" errors="0" timestamp="2024-10-31T15:25:19 IST" skipped="0">
  <testcase classname="Test.Fbcreatepagetest" name="test" time="2.755"/>
  <system-out/>
</testsuite> <!-- Test.Fbcreatepagetest -->
