<?xml version="1.0" encoding="UTF-8"?>
<!-- Generated by org.testng.reporters.JUnitReportReporter -->
<testsuite hostname="DESKTOP-CHHKPOP" failures="0" tests="1" name="Testngpkg.Windowhandler" time="8.058" errors="0" timestamp="2024-11-06T14:14:29 IST" skipped="0">
  <testcase classname="Testngpkg.Windowhandler" name="test" time="8.058"/>
  <system-out/>
</testsuite> <!-- Testngpkg.Windowhandler -->
