<?xml version="1.0" encoding="UTF-8"?>
<!-- Generated by org.testng.reporters.JUnitReportReporter -->
<testsuite hostname="DESKTOP-CHHKPOP" failures="0" tests="1" name="Testngpkg.Dragdrop" time="2.243" errors="0" timestamp="2024-10-24T15:32:08 IST" skipped="0">
  <testcase classname="Testngpkg.Dragdrop" name="test" time="2.243"/>
  <system-out/>
</testsuite> <!-- Testngpkg.Dragdrop -->
