<?xml version="1.0" encoding="UTF-8"?>
<!-- Generated by org.testng.reporters.JUnitReportReporter -->
<testsuite hostname="DESKTOP-CHHKPOP" failures="0" tests="1" name="Testngpkg.ILOVEPDF" time="4.309" errors="0" timestamp="2024-11-02T23:37:02 IST" skipped="0">
  <testcase classname="Testngpkg.ILOVEPDF" name="test" time="4.309"/>
  <system-out/>
</testsuite> <!-- Testngpkg.ILOVEPDF -->
