<?xml version="1.0" encoding="UTF-8"?>
<!-- Generated by org.testng.reporters.JUnitReportReporter -->
<testsuite hostname="DESKTOP-CHHKPOP" failures="0" tests="3" name="Testngpkg.Demo" time="0.043" errors="0" timestamp="2024-10-23T10:50:04 IST" skipped="1">
  <testcase classname="Testngpkg.Demo" name="test2" time="0.034"/>
  <system-out/>
  <testcase classname="Testngpkg.Demo" name="test1" time="0.009"/>
  <system-out/>
  <testcase classname="Testngpkg.Demo" name="test3">
    <skipped/>
  </testcase> <!-- test3 -->
  <system-out/>
</testsuite> <!-- Testngpkg.Demo -->
