<?xml version="1.0" encoding="UTF-8"?>
<!-- Generated by org.testng.reporters.JUnitReportReporter -->
<testsuite hostname="DESKTOP-CHHKPOP" failures="0" tests="1" name="Testngpkg.Ebay" time="6.256" errors="0" timestamp="2024-10-24T14:02:36 IST" skipped="0">
  <testcase classname="Testngpkg.Ebay" name="test" time="6.256"/>
  <system-out/>
</testsuite> <!-- Testngpkg.Ebay -->
